{
  "stats": {
    "suites": 1,
    "tests": 1,
    "passes": 1,
    "pending": 0,
    "failures": 0,
    "start": "2021-05-26T14:00:50.454Z",
    "end": "2021-05-26T14:00:58.485Z",
    "duration": 8031,
    "testsRegistered": 1,
    "passPercent": 100,
    "pendingPercent": 0,
    "other": 0,
    "hasOther": false,
    "skipped": 0,
    "hasSkipped": false
  },
  "results": [
    {
      "uuid": "df0bdced-faf8-4d90-880a-2b3d7cc7e44c",
      "title": "",
      "fullFile": "cypress/integration/articles.spec.js",
      "file": "cypress/integration/articles.spec.js",
      "beforeHooks": [],
      "afterHooks": [],
      "tests": [],
      "suites": [
        {
          "uuid": "fd2f55f0-279c-4f24-aa3a-739686f9d818",
          "title": "Artigos",
          "fullFile": "",
          "file": "",
          "beforeHooks": [],
          "afterHooks": [],
          "tests": [
            {
              "title": "Criar um novo artigo",
              "fullTitle": "Artigos Criar um novo artigo",
              "timedOut": null,
              "duration": 7998,
              "state": "passed",
              "speed": "slow",
              "pass": true,
              "fail": false,
              "pending": false,
              "context": null,
              "code": "cy.login();\ncy.get('a[href$=editor]').click();\ncy.get('input[placeholder=\"Article title\"]').type('Who is Daron Malakian ?');\ncy.get('input[placeholder=\"What is this article about?\"]').type('Who is Daron Malakian ?');\ncy.get('form textarea').type('Guitarrist and composer of System of a Down');\ncy.get('input[placeholder=\"Enter tags\"]').type('systemofadown');\ncy.get('button.btn-primary').contains('Publish article').click(); //\ncy.get('h1').should('contain.text', 'Who is Daron Malakian ?');\n/* ==== End Cypress Studio ==== */",
              "err": {},
              "uuid": "7f14400d-0ecf-46da-888b-75bb68f9f789",
              "parentUUID": "fd2f55f0-279c-4f24-aa3a-739686f9d818",
              "isHook": false,
              "skipped": false
            }
          ],
          "suites": [],
          "passes": [
            "7f14400d-0ecf-46da-888b-75bb68f9f789"
          ],
          "failures": [],
          "pending": [],
          "skipped": [],
          "duration": 7998,
          "root": false,
          "rootEmpty": false,
          "_timeout": 2000
        }
      ],
      "passes": [],
      "failures": [],
      "pending": [],
      "skipped": [],
      "duration": 0,
      "root": true,
      "rootEmpty": true,
      "_timeout": 2000
    }
  ],
  "meta": {
    "mocha": {
      "version": "7.0.1"
    },
    "mochawesome": {
      "options": {
        "quiet": true,
        "reportFilename": "mochawesome",
        "saveHtml": false,
        "saveJson": true,
        "consoleReporter": "spec",
        "useInlineDiffs": false,
        "code": true
      },
      "version": "6.2.2"
    },
    "marge": {
      "options": {
        "id": "default",
        "reportDir": "mochawesome-report",
        "quiet": true,
        "overwrite": false,
        "html": false,
        "json": true
      },
      "version": "5.2.0"
    }
  }
}